2019-09-09 12:07:33,088 - Log4JLogChute initialized using file 'velocity.log'
2019-09-09 12:07:33,088 - Initializing Velocity, Calling init()...
2019-09-09 12:07:33,088 - Starting Apache Velocity v1.7 (compiled: 2010-11-19 12:14:37)
2019-09-09 12:07:33,088 - Default Properties File: org/apache/velocity/runtime/defaults/velocity.properties
2019-09-09 12:07:33,088 - Trying to use logger class org.apache.velocity.runtime.log.AvalonLogChute
2019-09-09 12:07:33,088 - Target log system for org.apache.velocity.runtime.log.AvalonLogChute is not available (java.lang.NoClassDefFoundError: org/apache/log/format/Formatter).  Falling back to next log system...
2019-09-09 12:07:33,088 - Trying to use logger class org.apache.velocity.runtime.log.Log4JLogChute
2019-09-09 12:07:33,088 - Using logger class org.apache.velocity.runtime.log.Log4JLogChute
2019-09-09 12:07:33,091 - ResourceLoader instantiated: org.apache.velocity.runtime.resource.loader.ClasspathResourceLoader
2019-09-09 12:07:33,107 - ResourceCache: initialized (class org.apache.velocity.runtime.resource.ResourceCacheImpl) with class java.util.Collections$SynchronizedMap cache map.
2019-09-09 12:07:33,108 - Loaded System Directive: org.apache.velocity.runtime.directive.Stop
2019-09-09 12:07:33,109 - Loaded System Directive: org.apache.velocity.runtime.directive.Define
2019-09-09 12:07:33,110 - Loaded System Directive: org.apache.velocity.runtime.directive.Break
2019-09-09 12:07:33,111 - Loaded System Directive: org.apache.velocity.runtime.directive.Evaluate
2019-09-09 12:07:33,111 - Loaded System Directive: org.apache.velocity.runtime.directive.Literal
2019-09-09 12:07:33,112 - Loaded System Directive: org.apache.velocity.runtime.directive.Macro
2019-09-09 12:07:33,113 - Loaded System Directive: org.apache.velocity.runtime.directive.Parse
2019-09-09 12:07:33,114 - Loaded System Directive: org.apache.velocity.runtime.directive.Include
2019-09-09 12:07:33,115 - Loaded System Directive: org.apache.velocity.runtime.directive.Foreach
2019-09-09 12:07:33,144 - Created '20' parsers.
2019-09-09 12:07:33,150 - Velocimacro : "velocimacro.library" is not set.  Trying default library: VM_global_library.vm
2019-09-09 12:07:33,153 - Could not load resource 'VM_global_library.vm' from ResourceLoader org.apache.velocity.runtime.resource.loader.ClasspathResourceLoader: ClasspathResourceLoader Error: cannot find resource VM_global_library.vm
2019-09-09 12:07:33,153 - Velocimacro : Default library not found.
2019-09-09 12:07:33,154 - Velocimacro : allowInline = true : VMs can be defined inline in templates
2019-09-09 12:07:33,155 - Velocimacro : allowInlineToOverride = false : VMs defined inline may NOT replace previous VM definitions
2019-09-09 12:07:33,155 - Velocimacro : allowInlineLocal = false : VMs defined inline will be global in scope if allowed.
2019-09-09 12:07:33,155 - Velocimacro : autoload off : VM system will not automatically reload global library macros
2019-09-09 12:07:33,172 - ResourceManager : found templates/posts.vtl with loader org.apache.velocity.runtime.resource.loader.ClasspathResourceLoader
